app/build/outputs/logs/manifest-merger-release-report.txt
-- Merging decision tree log ---
manifest
ADDED from src/main/AndroidManifest.xml:2:1-91:12
	package
		ADDED from src/main/AndroidManifest.xml:3:5-55
		INJECTED from src/main/AndroidManifest.xml
		INJECTED from src/main/AndroidManifest.xml
	android:versionName
		ADDED from src/main/AndroidManifest.xml:5:5-32
		INJECTED from src/main/AndroidManifest.xml
		INJECTED from src/main/AndroidManifest.xml
	android:versionCode
		ADDED from src/main/AndroidManifest.xml:4:5-28
		INJECTED from src/main/AndroidManifest.xml
		INJECTED from src/main/AndroidManifest.xml
	xmlns:android
		ADDED from src/main/AndroidManifest.xml:2:11-69
uses-sdk
ADDED from src/main/AndroidManifest.xml:7:5-9:41
MERGED from [com.android.support:support-v4:21.0.3] AndroidManifest.xml:15:5-42
	android:targetSdkVersion
		ADDED from src/main/AndroidManifest.xml:9:9-38
		INJECTED from src/main/AndroidManifest.xml
		INJECTED from src/main/AndroidManifest.xml
	android:minSdkVersion
		ADDED from src/main/AndroidManifest.xml:8:9-35
		INJECTED from src/main/AndroidManifest.xml
		INJECTED from src/main/AndroidManifest.xml
uses-permission#android.permission.INTERNET
ADDED from src/main/AndroidManifest.xml:10:5-66
	android:name
		ADDED from src/main/AndroidManifest.xml:10:22-64
uses-permission#android.permission.ACCESS_NETWORK_STATE
ADDED from src/main/AndroidManifest.xml:11:5-78
	android:name
		ADDED from src/main/AndroidManifest.xml:11:22-76
uses-permission#android.permission.WRITE_EXTERNAL_STORAGE
ADDED from src/main/AndroidManifest.xml:12:5-80
	android:name
		ADDED from src/main/AndroidManifest.xml:12:22-78
uses-permission#android.permission.READ_EXTERNAL_STORAGE
ADDED from src/main/AndroidManifest.xml:13:5-79
	android:name
		ADDED from src/main/AndroidManifest.xml:13:22-77
application
ADDED from src/main/AndroidManifest.xml:15:5-89:23
MERGED from [com.android.support:support-v4:21.0.3] AndroidManifest.xml:16:5-19
	android:label
		ADDED from src/main/AndroidManifest.xml:18:9-41
	android:allowBackup
		ADDED from src/main/AndroidManifest.xml:16:9-35
	android:icon
		ADDED from src/main/AndroidManifest.xml:17:9-38
	android:theme
		ADDED from src/main/AndroidManifest.xml:20:9-62
	android:name
		ADDED from src/main/AndroidManifest.xml:19:9-77
activity#us.mifeng.bubaexaminationsystem.activity.SplashActivity
ADDED from src/main/AndroidManifest.xml:21:9-28:20
	android:label
		ADDED from src/main/AndroidManifest.xml:23:13-45
	android:name
		ADDED from src/main/AndroidManifest.xml:22:13-83
intent-filter#android.intent.action.MAIN+android.intent.category.LAUNCHER
ADDED from src/main/AndroidManifest.xml:24:13-27:29
action#android.intent.action.MAIN
ADDED from src/main/AndroidManifest.xml:25:17-69
	android:name
		ADDED from src/main/AndroidManifest.xml:25:25-66
category#android.intent.category.LAUNCHER
ADDED from src/main/AndroidManifest.xml:26:17-77
	android:name
		ADDED from src/main/AndroidManifest.xml:26:27-74
activity#us.mifeng.bubaexaminationsystem.activity.XueYuanHuiZong_Activity
ADDED from src/main/AndroidManifest.xml:29:9-32:20
	android:configChanges
		ADDED from src/main/AndroidManifest.xml:30:4-65
	android:name
		ADDED from src/main/AndroidManifest.xml:29:19-98
activity#us.mifeng.bubaexaminationsystem.activity.ClassOverall_Activity
ADDED from src/main/AndroidManifest.xml:33:9-35:25
	android:configChanges
		ADDED from src/main/AndroidManifest.xml:34:13-74
	android:name
		ADDED from src/main/AndroidManifest.xml:33:19-96
activity#us.mifeng.bubaexaminationsystem.activity.ClassInput_Activity
ADDED from src/main/AndroidManifest.xml:36:9-38:25
	android:configChanges
		ADDED from src/main/AndroidManifest.xml:37:13-74
	android:name
		ADDED from src/main/AndroidManifest.xml:36:19-94
activity#us.mifeng.bubaexaminationsystem.activity.DangeXuesheng_Activity
ADDED from src/main/AndroidManifest.xml:43:9-46:20
	android:configChanges
		ADDED from src/main/AndroidManifest.xml:44:13-74
	android:name
		ADDED from src/main/AndroidManifest.xml:43:19-97
activity#us.mifeng.bubaexaminationsystem.activity.Grade_Activity
ADDED from src/main/AndroidManifest.xml:47:9-49:25
	android:configChanges
		ADDED from src/main/AndroidManifest.xml:48:11-72
	android:name
		ADDED from src/main/AndroidManifest.xml:47:19-89
activity#us.mifeng.bubaexaminationsystem.activity.LoginActivity
ADDED from src/main/AndroidManifest.xml:50:9-52:25
	android:configChanges
		ADDED from src/main/AndroidManifest.xml:51:13-74
	android:name
		ADDED from src/main/AndroidManifest.xml:50:19-88
activity#us.mifeng.bubaexaminationsystem.activity.SearchChoiceCollage_Activity
ADDED from src/main/AndroidManifest.xml:53:9-55:25
	android:configChanges
		ADDED from src/main/AndroidManifest.xml:54:13-74
	android:name
		ADDED from src/main/AndroidManifest.xml:53:19-103
activity#us.mifeng.bubaexaminationsystem.activity.InputCollageChoice_Activity
ADDED from src/main/AndroidManifest.xml:56:9-58:25
	android:configChanges
		ADDED from src/main/AndroidManifest.xml:57:13-74
	android:name
		ADDED from src/main/AndroidManifest.xml:56:19-102
activity#us.mifeng.bubaexaminationsystem.activity.InputQuery_Activity
ADDED from src/main/AndroidManifest.xml:59:6-61:22
	android:configChanges
		ADDED from src/main/AndroidManifest.xml:60:10-71
	android:name
		ADDED from src/main/AndroidManifest.xml:59:16-91
activity#us.mifeng.bubaexaminationsystem.activity.RiWeiJi_Activity
ADDED from src/main/AndroidManifest.xml:62:6-64:22
	android:configChanges
		ADDED from src/main/AndroidManifest.xml:63:10-71
	android:name
		ADDED from src/main/AndroidManifest.xml:62:16-88
activity#us.mifeng.bubaexaminationsystem.activity.ZhouActivity
ADDED from src/main/AndroidManifest.xml:65:6-67:22
	android:configChanges
		ADDED from src/main/AndroidManifest.xml:66:10-71
	android:name
		ADDED from src/main/AndroidManifest.xml:65:16-84
activity#us.mifeng.bubaexaminationsystem.activity.YueHuiZong_Activity
ADDED from src/main/AndroidManifest.xml:68:6-70:22
	android:configChanges
		ADDED from src/main/AndroidManifest.xml:69:10-71
	android:name
		ADDED from src/main/AndroidManifest.xml:68:16-91
activity#us.mifeng.bubaexaminationsystem.view.LinechartAcitvity
ADDED from src/main/AndroidManifest.xml:71:6-73:22
	android:configChanges
		ADDED from src/main/AndroidManifest.xml:72:10-71
	android:name
		ADDED from src/main/AndroidManifest.xml:71:16-85
activity#us.mifeng.bubaexaminationsystem.view.BarChartActivity
ADDED from src/main/AndroidManifest.xml:74:6-76:22
	android:configChanges
		ADDED from src/main/AndroidManifest.xml:75:10-71
	android:name
		ADDED from src/main/AndroidManifest.xml:74:16-84
activity#us.mifeng.bubaexaminationsystem.activity.WeiJiOfWeek
ADDED from src/main/AndroidManifest.xml:77:6-79:22
	android:configChanges
		ADDED from src/main/AndroidManifest.xml:78:10-71
	android:name
		ADDED from src/main/AndroidManifest.xml:77:16-83
activity#us.mifeng.bubaexaminationsystem.activity.WeiJiOfDay
ADDED from src/main/AndroidManifest.xml:80:6-82:22
	android:configChanges
		ADDED from src/main/AndroidManifest.xml:81:10-71
	android:name
		ADDED from src/main/AndroidManifest.xml:80:16-82
activity#us.mifeng.bubaexaminationsystem.activity.TeacherActivity
ADDED from src/main/AndroidManifest.xml:83:6-85:22
	android:configChanges
		ADDED from src/main/AndroidManifest.xml:84:10-71
	android:name
		ADDED from src/main/AndroidManifest.xml:83:16-87
activity#us.mifeng.bubaexaminationsystem.activity.CollegeTeachersActivity
ADDED from src/main/AndroidManifest.xml:86:6-88:22
	android:configChanges
		ADDED from src/main/AndroidManifest.xml:87:10-71
	android:name
		ADDED from src/main/AndroidManifest.xml:86:16-95